[2022-04-09 10:46:46] production.ERROR: http parameters {"i":"2","route":"member.login.index","type":"1","mid":"903","scope":"","yz_redirect":"aHR0cHM6Ly9oZC5peWVlY2FyZS5jb20vYWRkb25zL3l1bl9zaG9wLz9tZW51PSMvbWVtYmVyP2k9MiZ0eXBlPTEmc2hvcF9pZCZtaWQ9OTAz","code":"041z2G0w3RXGiY2XcZ2w3P0VaR2z2G0S","state":"a4bb97dc3bf95905a6cceccfe959845d"} 
[2022-04-09 10:46:46] production.ERROR: Overtrue\Socialite\AuthorizeFailedException: Authorize Failed: {"errcode":40163,"errmsg":"code been used, rid: 6250f396-6be7d78c-26a3fc32"} in /www/wwwroot/hd.iyeecare.com/vendor/overtrue/socialite/src/Providers/AbstractProvider.php:473
Stack trace:
#0 /www/wwwroot/hd.iyeecare.com/vendor/overtrue/socialite/src/Providers/WeChatProvider.php(102): Overtrue\Socialite\Providers\AbstractProvider->parseAccessToken(Array)
#1 /www/wwwroot/hd.iyeecare.com/vendor/overtrue/socialite/src/Providers/AbstractProvider.php(207): Overtrue\Socialite\Providers\WeChatProvider->getAccessToken('041z2G0w3RXGiY2...')
#2 /www/wwwroot/hd.iyeecare.com/app/frontend/modules/member/services/MemberOfficeAccountService.php(60): Overtrue\Socialite\Providers\AbstractProvider->user()
#3 /www/wwwroot/hd.iyeecare.com/app/frontend/modules/member/controllers/LoginController.php(45): app\frontend\modules\member\services\MemberOfficeAccountService->login()
#4 /www/wwwroot/hd.iyeecare.com/vendor/laravel/framework/src/Illuminate/Routing/Controller.php(54): app\frontend\modules\member\controllers\LoginController->index()
#5 /www/wwwroot/hd.iyeecare.com/app/common/components/BaseController.php(81): Illuminate\Routing\Controller->callAction('index', Array)
#6 /www/wwwroot/hd.iyeecare.com/vendor/laravel/framework/src/Illuminate/Routing/ControllerDispatcher.php(45): app\common\components\BaseController->callAction('index', Array)
#7 /www/wwwroot/hd.iyeecare.com/vendor/laravel/framework/src/Illuminate/Routing/Route.php(219): Illuminate\Routing\ControllerDispatcher->dispatch(Object(Illuminate\Routing\Route), Object(app\frontend\modules\member\controllers\LoginController), 'index')
#8 /www/wwwroot/hd.iyeecare.com/vendor/laravel/framework/src/Illuminate/Routing/Route.php(176): Illuminate\Routing\Route->runController()
#9 /www/wwwroot/hd.iyeecare.com/vendor/laravel/framework/src/Illuminate/Routing/Router.php(681): Illuminate\Routing\Route->run()
#10 /www/wwwroot/hd.iyeecare.com/vendor/laravel/framework/src/Illuminate/Pipeline/Pipeline.php(130): Illuminate\Routing\Router->Illuminate\Routing\{closure}(Object(app\framework\Http\Request))
#11 /www/wwwroot/hd.iyeecare.com/app/common/middleware/AuthenticateFrontend.php(55): Illuminate\Pipeline\Pipeline->Illuminate\Pipeline\{closure}(Object(app\framework\Http\Request))
#12 /www/wwwroot/hd.iyeecare.com/vendor/laravel/framework/src/Illuminate/Pipeline/Pipeline.php(171): app\common\middleware\AuthenticateFrontend->handle(Object(app\framework\Http\Request), Object(Closure))
#13 /www/wwwroot/hd.iyeecare.com/app/common/middleware/BasicInformation.php(46): Illuminate\Pipeline\Pipeline->Illuminate\Pipeline\{closure}(Object(app\framework\Http\Request))
#14 /www/wwwroot/hd.iyeecare.com/vendor/laravel/framework/src/Illuminate/Pipeline/Pipeline.php(171): app\common\middleware\BasicInformation->handle(Object(app\framework\Http\Request), Object(Closure))
#15 /www/wwwroot/hd.iyeecare.com/vendor/laravel/framework/src/Illuminate/Pipeline/Pipeline.php(105): Illuminate\Pipeline\Pipeline->Illuminate\Pipeline\{closure}(Object(app\framework\Http\Request))
#16 /www/wwwroot/hd.iyeecare.com/vendor/laravel/framework/src/Illuminate/Routing/Router.php(683): Illuminate\Pipeline\Pipeline->then(Object(Closure))
#17 /www/wwwroot/hd.iyeecare.com/vendor/laravel/framework/src/Illuminate/Routing/Router.php(658): Illuminate\Routing\Router->runRouteWithinStack(Object(Illuminate\Routing\Route), Object(app\framework\Http\Request))
#18 /www/wwwroot/hd.iyeecare.com/vendor/laravel/framework/src/Illuminate/Routing/Router.php(624): Illuminate\Routing\Router->runRoute(Object(app\framework\Http\Request), Object(Illuminate\Routing\Route))
#19 /www/wwwroot/hd.iyeecare.com/vendor/laravel/framework/src/Illuminate/Routing/Router.php(613): Illuminate\Routing\Router->dispatchToRoute(Object(app\framework\Http\Request))
#20 /www/wwwroot/hd.iyeecare.com/vendor/laravel/framework/src/Illuminate/Foundation/Http/Kernel.php(170): Illuminate\Routing\Router->dispatch(Object(app\framework\Http\Request))
#21 /www/wwwroot/hd.iyeecare.com/vendor/laravel/framework/src/Illuminate/Pipeline/Pipeline.php(130): Illuminate\Foundation\Http\Kernel->Illuminate\Foundation\Http\{closure}(Object(app\framework\Http\Request))
#22 /www/wwwroot/hd.iyeecare.com/plugins/browse-footprint/src/common/middleware/BrowseFootprint.php(26): Illuminate\Pipeline\Pipeline->Illuminate\Pipeline\{closure}(Object(app\framework\Http\Request))
#23 /www/wwwroot/hd.iyeecare.com/vendor/laravel/framework/src/Illuminate/Pipeline/Pipeline.php(171): Yunshop\BrowseFootprint\common\middleware\BrowseFootprint->handle(Object(app\framework\Http\Request), Object(Closure))
#24 /www/wwwroot/hd.iyeecare.com/app/common/middleware/ShopRoute.php(25): Illuminate\Pipeline\Pipeline->Illuminate\Pipeline\{closure}(Object(app\framework\Http\Request))
#25 /www/wwwroot/hd.iyeecare.com/vendor/laravel/framework/src/Illuminate/Pipeline/Pipeline.php(171): app\common\middleware\ShopRoute->handle(Object(app\framework\Http\Request), Object(Closure))
#26 /www/wwwroot/hd.iyeecare.com/vendor/laravel/framework/src/Illuminate/Foundation/Http/Middleware/CheckForMaintenanceMode.php(63): Illuminate\Pipeline\Pipeline->Illuminate\Pipeline\{closure}(Object(app\framework\Http\Request))
#27 /www/wwwroot/hd.iyeecare.com/vendor/laravel/framework/src/Illuminate/Pipeline/Pipeline.php(171): Illuminate\Foundation\Http\Middleware\CheckForMaintenanceMode->handle(Object(app\framework\Http\Request), Object(Closure))
#28 /www/wwwroot/hd.iyeecare.com/vendor/laravel/framework/src/Illuminate/Pipeline/Pipeline.php(105): Illuminate\Pipeline\Pipeline->Illuminate\Pipeline\{closure}(Object(app\framework\Http\Request))
#29 /www/wwwroot/hd.iyeecare.com/vendor/laravel/framework/src/Illuminate/Foundation/Http/Kernel.php(145): Illuminate\Pipeline\Pipeline->then(Object(Closure))
#30 /www/wwwroot/hd.iyeecare.com/vendor/laravel/framework/src/Illuminate/Foundation/Http/Kernel.php(110): Illuminate\Foundation\Http\Kernel->sendRequestThroughRouter(Object(app\framework\Http\Request))
#31 /www/wwwroot/hd.iyeecare.com/app/laravel.php(47): Illuminate\Foundation\Http\Kernel->handle(Object(app\framework\Http\Request))
#32 /www/wwwroot/hd.iyeecare.com/addons/yun_shop/api.php(20): include_once('/www/wwwroot/hd...')
#33 {main}  
[2022-04-09 11:27:39] production.ERROR: http parameters {"i":"2","route":"member.login.index","type":"1","mid":"903","scope":"","yz_redirect":"aHR0cHM6Ly9oZC5peWVlY2FyZS5jb20vYWRkb25zL3l1bl9zaG9wLz9tZW51PSMvbWVtYmVyP2k9MiZ0eXBlPTEmc2hvcF9pZCZtaWQ9OTAz","code":"041sHf300gCPFN14jj200qa50Q2sHf3c","state":"b10432ca52b16a97541010afc1f00a3e"} 
[2022-04-09 11:27:39] production.ERROR: Overtrue\Socialite\AuthorizeFailedException: Authorize Failed: {"errcode":40163,"errmsg":"code been used, rid: 6250fd2b-04674716-454e66b7"} in /www/wwwroot/hd.iyeecare.com/vendor/overtrue/socialite/src/Providers/AbstractProvider.php:473
Stack trace:
#0 /www/wwwroot/hd.iyeecare.com/vendor/overtrue/socialite/src/Providers/WeChatProvider.php(102): Overtrue\Socialite\Providers\AbstractProvider->parseAccessToken(Array)
#1 /www/wwwroot/hd.iyeecare.com/vendor/overtrue/socialite/src/Providers/AbstractProvider.php(207): Overtrue\Socialite\Providers\WeChatProvider->getAccessToken('041sHf300gCPFN1...')
#2 /www/wwwroot/hd.iyeecare.com/app/frontend/modules/member/services/MemberOfficeAccountService.php(60): Overtrue\Socialite\Providers\AbstractProvider->user()
#3 /www/wwwroot/hd.iyeecare.com/app/frontend/modules/member/controllers/LoginController.php(45): app\frontend\modules\member\services\MemberOfficeAccountService->login()
#4 /www/wwwroot/hd.iyeecare.com/vendor/laravel/framework/src/Illuminate/Routing/Controller.php(54): app\frontend\modules\member\controllers\LoginController->index()
#5 /www/wwwroot/hd.iyeecare.com/app/common/components/BaseController.php(81): Illuminate\Routing\Controller->callAction('index', Array)
#6 /www/wwwroot/hd.iyeecare.com/vendor/laravel/framework/src/Illuminate/Routing/ControllerDispatcher.php(45): app\common\components\BaseController->callAction('index', Array)
#7 /www/wwwroot/hd.iyeecare.com/vendor/laravel/framework/src/Illuminate/Routing/Route.php(219): Illuminate\Routing\ControllerDispatcher->dispatch(Object(Illuminate\Routing\Route), Object(app\frontend\modules\member\controllers\LoginController), 'index')
#8 /www/wwwroot/hd.iyeecare.com/vendor/laravel/framework/src/Illuminate/Routing/Route.php(176): Illuminate\Routing\Route->runController()
#9 /www/wwwroot/hd.iyeecare.com/vendor/laravel/framework/src/Illuminate/Routing/Router.php(681): Illuminate\Routing\Route->run()
#10 /www/wwwroot/hd.iyeecare.com/vendor/laravel/framework/src/Illuminate/Pipeline/Pipeline.php(130): Illuminate\Routing\Router->Illuminate\Routing\{closure}(Object(app\framework\Http\Request))
#11 /www/wwwroot/hd.iyeecare.com/app/common/middleware/AuthenticateFrontend.php(55): Illuminate\Pipeline\Pipeline->Illuminate\Pipeline\{closure}(Object(app\framework\Http\Request))
#12 /www/wwwroot/hd.iyeecare.com/vendor/laravel/framework/src/Illuminate/Pipeline/Pipeline.php(171): app\common\middleware\AuthenticateFrontend->handle(Object(app\framework\Http\Request), Object(Closure))
#13 /www/wwwroot/hd.iyeecare.com/app/common/middleware/BasicInformation.php(46): Illuminate\Pipeline\Pipeline->Illuminate\Pipeline\{closure}(Object(app\framework\Http\Request))
#14 /www/wwwroot/hd.iyeecare.com/vendor/laravel/framework/src/Illuminate/Pipeline/Pipeline.php(171): app\common\middleware\BasicInformation->handle(Object(app\framework\Http\Request), Object(Closure))
#15 /www/wwwroot/hd.iyeecare.com/vendor/laravel/framework/src/Illuminate/Pipeline/Pipeline.php(105): Illuminate\Pipeline\Pipeline->Illuminate\Pipeline\{closure}(Object(app\framework\Http\Request))
#16 /www/wwwroot/hd.iyeecare.com/vendor/laravel/framework/src/Illuminate/Routing/Router.php(683): Illuminate\Pipeline\Pipeline->then(Object(Closure))
#17 /www/wwwroot/hd.iyeecare.com/vendor/laravel/framework/src/Illuminate/Routing/Router.php(658): Illuminate\Routing\Router->runRouteWithinStack(Object(Illuminate\Routing\Route), Object(app\framework\Http\Request))
#18 /www/wwwroot/hd.iyeecare.com/vendor/laravel/framework/src/Illuminate/Routing/Router.php(624): Illuminate\Routing\Router->runRoute(Object(app\framework\Http\Request), Object(Illuminate\Routing\Route))
#19 /www/wwwroot/hd.iyeecare.com/vendor/laravel/framework/src/Illuminate/Routing/Router.php(613): Illuminate\Routing\Router->dispatchToRoute(Object(app\framework\Http\Request))
#20 /www/wwwroot/hd.iyeecare.com/vendor/laravel/framework/src/Illuminate/Foundation/Http/Kernel.php(170): Illuminate\Routing\Router->dispatch(Object(app\framework\Http\Request))
#21 /www/wwwroot/hd.iyeecare.com/vendor/laravel/framework/src/Illuminate/Pipeline/Pipeline.php(130): Illuminate\Foundation\Http\Kernel->Illuminate\Foundation\Http\{closure}(Object(app\framework\Http\Request))
#22 /www/wwwroot/hd.iyeecare.com/plugins/browse-footprint/src/common/middleware/BrowseFootprint.php(26): Illuminate\Pipeline\Pipeline->Illuminate\Pipeline\{closure}(Object(app\framework\Http\Request))
#23 /www/wwwroot/hd.iyeecare.com/vendor/laravel/framework/src/Illuminate/Pipeline/Pipeline.php(171): Yunshop\BrowseFootprint\common\middleware\BrowseFootprint->handle(Object(app\framework\Http\Request), Object(Closure))
#24 /www/wwwroot/hd.iyeecare.com/app/common/middleware/ShopRoute.php(25): Illuminate\Pipeline\Pipeline->Illuminate\Pipeline\{closure}(Object(app\framework\Http\Request))
#25 /www/wwwroot/hd.iyeecare.com/vendor/laravel/framework/src/Illuminate/Pipeline/Pipeline.php(171): app\common\middleware\ShopRoute->handle(Object(app\framework\Http\Request), Object(Closure))
#26 /www/wwwroot/hd.iyeecare.com/vendor/laravel/framework/src/Illuminate/Foundation/Http/Middleware/CheckForMaintenanceMode.php(63): Illuminate\Pipeline\Pipeline->Illuminate\Pipeline\{closure}(Object(app\framework\Http\Request))
#27 /www/wwwroot/hd.iyeecare.com/vendor/laravel/framework/src/Illuminate/Pipeline/Pipeline.php(171): Illuminate\Foundation\Http\Middleware\CheckForMaintenanceMode->handle(Object(app\framework\Http\Request), Object(Closure))
#28 /www/wwwroot/hd.iyeecare.com/vendor/laravel/framework/src/Illuminate/Pipeline/Pipeline.php(105): Illuminate\Pipeline\Pipeline->Illuminate\Pipeline\{closure}(Object(app\framework\Http\Request))
#29 /www/wwwroot/hd.iyeecare.com/vendor/laravel/framework/src/Illuminate/Foundation/Http/Kernel.php(145): Illuminate\Pipeline\Pipeline->then(Object(Closure))
#30 /www/wwwroot/hd.iyeecare.com/vendor/laravel/framework/src/Illuminate/Foundation/Http/Kernel.php(110): Illuminate\Foundation\Http\Kernel->sendRequestThroughRouter(Object(app\framework\Http\Request))
#31 /www/wwwroot/hd.iyeecare.com/app/laravel.php(47): Illuminate\Foundation\Http\Kernel->handle(Object(app\framework\Http\Request))
#32 /www/wwwroot/hd.iyeecare.com/addons/yun_shop/api.php(20): include_once('/www/wwwroot/hd...')
#33 {main}  
[2022-04-09 14:04:49] production.ERROR: http parameters {"i":"2","route":"member.login.index","type":"1","mid":"903","scope":"","yz_redirect":"aHR0cHM6Ly9oZC5peWVlY2FyZS5jb20vYWRkb25zL3l1bl9zaG9wLz9tZW51PSMvbWVtYmVyL29yZGVyTGlzdC8wP2k9MiZ0eXBlPTEmc2hvcF9pZCZtaWQ9OTAz","code":"011QCfGa1eD4YC0fFcJa1DdGsJ0QCfG6","state":"962d0872d307987abafa3eb1fdfa6027"} 
[2022-04-09 14:04:49] production.ERROR: Overtrue\Socialite\AuthorizeFailedException: Authorize Failed: {"errcode":40163,"errmsg":"code been used, rid: 62512201-47bbd46b-7a3baf3b"} in /www/wwwroot/hd.iyeecare.com/vendor/overtrue/socialite/src/Providers/AbstractProvider.php:473
Stack trace:
#0 /www/wwwroot/hd.iyeecare.com/vendor/overtrue/socialite/src/Providers/WeChatProvider.php(102): Overtrue\Socialite\Providers\AbstractProvider->parseAccessToken(Array)
#1 /www/wwwroot/hd.iyeecare.com/vendor/overtrue/socialite/src/Providers/AbstractProvider.php(207): Overtrue\Socialite\Providers\WeChatProvider->getAccessToken('011QCfGa1eD4YC0...')
#2 /www/wwwroot/hd.iyeecare.com/app/frontend/modules/member/services/MemberOfficeAccountService.php(60): Overtrue\Socialite\Providers\AbstractProvider->user()
#3 /www/wwwroot/hd.iyeecare.com/app/frontend/modules/member/controllers/LoginController.php(45): app\frontend\modules\member\services\MemberOfficeAccountService->login()
#4 /www/wwwroot/hd.iyeecare.com/vendor/laravel/framework/src/Illuminate/Routing/Controller.php(54): app\frontend\modules\member\controllers\LoginController->index()
#5 /www/wwwroot/hd.iyeecare.com/app/common/components/BaseController.php(81): Illuminate\Routing\Controller->callAction('index', Array)
#6 /www/wwwroot/hd.iyeecare.com/vendor/laravel/framework/src/Illuminate/Routing/ControllerDispatcher.php(45): app\common\components\BaseController->callAction('index', Array)
#7 /www/wwwroot/hd.iyeecare.com/vendor/laravel/framework/src/Illuminate/Routing/Route.php(219): Illuminate\Routing\ControllerDispatcher->dispatch(Object(Illuminate\Routing\Route), Object(app\frontend\modules\member\controllers\LoginController), 'index')
#8 /www/wwwroot/hd.iyeecare.com/vendor/laravel/framework/src/Illuminate/Routing/Route.php(176): Illuminate\Routing\Route->runController()
#9 /www/wwwroot/hd.iyeecare.com/vendor/laravel/framework/src/Illuminate/Routing/Router.php(681): Illuminate\Routing\Route->run()
#10 /www/wwwroot/hd.iyeecare.com/vendor/laravel/framework/src/Illuminate/Pipeline/Pipeline.php(130): Illuminate\Routing\Router->Illuminate\Routing\{closure}(Object(app\framework\Http\Request))
#11 /www/wwwroot/hd.iyeecare.com/app/common/middleware/AuthenticateFrontend.php(55): Illuminate\Pipeline\Pipeline->Illuminate\Pipeline\{closure}(Object(app\framework\Http\Request))
#12 /www/wwwroot/hd.iyeecare.com/vendor/laravel/framework/src/Illuminate/Pipeline/Pipeline.php(171): app\common\middleware\AuthenticateFrontend->handle(Object(app\framework\Http\Request), Object(Closure))
#13 /www/wwwroot/hd.iyeecare.com/app/common/middleware/BasicInformation.php(46): Illuminate\Pipeline\Pipeline->Illuminate\Pipeline\{closure}(Object(app\framework\Http\Request))
#14 /www/wwwroot/hd.iyeecare.com/vendor/laravel/framework/src/Illuminate/Pipeline/Pipeline.php(171): app\common\middleware\BasicInformation->handle(Object(app\framework\Http\Request), Object(Closure))
#15 /www/wwwroot/hd.iyeecare.com/vendor/laravel/framework/src/Illuminate/Pipeline/Pipeline.php(105): Illuminate\Pipeline\Pipeline->Illuminate\Pipeline\{closure}(Object(app\framework\Http\Request))
#16 /www/wwwroot/hd.iyeecare.com/vendor/laravel/framework/src/Illuminate/Routing/Router.php(683): Illuminate\Pipeline\Pipeline->then(Object(Closure))
#17 /www/wwwroot/hd.iyeecare.com/vendor/laravel/framework/src/Illuminate/Routing/Router.php(658): Illuminate\Routing\Router->runRouteWithinStack(Object(Illuminate\Routing\Route), Object(app\framework\Http\Request))
#18 /www/wwwroot/hd.iyeecare.com/vendor/laravel/framework/src/Illuminate/Routing/Router.php(624): Illuminate\Routing\Router->runRoute(Object(app\framework\Http\Request), Object(Illuminate\Routing\Route))
#19 /www/wwwroot/hd.iyeecare.com/vendor/laravel/framework/src/Illuminate/Routing/Router.php(613): Illuminate\Routing\Router->dispatchToRoute(Object(app\framework\Http\Request))
#20 /www/wwwroot/hd.iyeecare.com/vendor/laravel/framework/src/Illuminate/Foundation/Http/Kernel.php(170): Illuminate\Routing\Router->dispatch(Object(app\framework\Http\Request))
#21 /www/wwwroot/hd.iyeecare.com/vendor/laravel/framework/src/Illuminate/Pipeline/Pipeline.php(130): Illuminate\Foundation\Http\Kernel->Illuminate\Foundation\Http\{closure}(Object(app\framework\Http\Request))
#22 /www/wwwroot/hd.iyeecare.com/plugins/browse-footprint/src/common/middleware/BrowseFootprint.php(26): Illuminate\Pipeline\Pipeline->Illuminate\Pipeline\{closure}(Object(app\framework\Http\Request))
#23 /www/wwwroot/hd.iyeecare.com/vendor/laravel/framework/src/Illuminate/Pipeline/Pipeline.php(171): Yunshop\BrowseFootprint\common\middleware\BrowseFootprint->handle(Object(app\framework\Http\Request), Object(Closure))
#24 /www/wwwroot/hd.iyeecare.com/app/common/middleware/ShopRoute.php(25): Illuminate\Pipeline\Pipeline->Illuminate\Pipeline\{closure}(Object(app\framework\Http\Request))
#25 /www/wwwroot/hd.iyeecare.com/vendor/laravel/framework/src/Illuminate/Pipeline/Pipeline.php(171): app\common\middleware\ShopRoute->handle(Object(app\framework\Http\Request), Object(Closure))
#26 /www/wwwroot/hd.iyeecare.com/vendor/laravel/framework/src/Illuminate/Foundation/Http/Middleware/CheckForMaintenanceMode.php(63): Illuminate\Pipeline\Pipeline->Illuminate\Pipeline\{closure}(Object(app\framework\Http\Request))
#27 /www/wwwroot/hd.iyeecare.com/vendor/laravel/framework/src/Illuminate/Pipeline/Pipeline.php(171): Illuminate\Foundation\Http\Middleware\CheckForMaintenanceMode->handle(Object(app\framework\Http\Request), Object(Closure))
#28 /www/wwwroot/hd.iyeecare.com/vendor/laravel/framework/src/Illuminate/Pipeline/Pipeline.php(105): Illuminate\Pipeline\Pipeline->Illuminate\Pipeline\{closure}(Object(app\framework\Http\Request))
#29 /www/wwwroot/hd.iyeecare.com/vendor/laravel/framework/src/Illuminate/Foundation/Http/Kernel.php(145): Illuminate\Pipeline\Pipeline->then(Object(Closure))
#30 /www/wwwroot/hd.iyeecare.com/vendor/laravel/framework/src/Illuminate/Foundation/Http/Kernel.php(110): Illuminate\Foundation\Http\Kernel->sendRequestThroughRouter(Object(app\framework\Http\Request))
#31 /www/wwwroot/hd.iyeecare.com/app/laravel.php(47): Illuminate\Foundation\Http\Kernel->handle(Object(app\framework\Http\Request))
#32 /www/wwwroot/hd.iyeecare.com/addons/yun_shop/api.php(20): include_once('/www/wwwroot/hd...')
#33 {main}  
[2022-04-09 15:08:14] production.ERROR: http parameters {"i":"2","route":"member.login.index","type":"1","mid":"903","scope":"","yz_redirect":"aHR0cHM6Ly9oZC5peWVlY2FyZS5jb20vYWRkb25zL3l1bl9zaG9wLz9tZW51PSMvbWVtYmVyL29yZGVyZGV0YWlsLzg3OS9zaG9wP2k9MiZ0eXBlPTEmc2hvcF9pZCZtaWQ9OTAz","code":"061XeLFa1NqBXC0cmVGa105hH04XeLF8","state":"bd66080d170a0fde9c4a3e28cd174d1b"} 
[2022-04-09 15:08:14] production.ERROR: Overtrue\Socialite\AuthorizeFailedException: Authorize Failed: {"errcode":40163,"errmsg":"code been used, rid: 625130de-6f7dc3fc-3c027bf2"} in /www/wwwroot/hd.iyeecare.com/vendor/overtrue/socialite/src/Providers/AbstractProvider.php:473
Stack trace:
#0 /www/wwwroot/hd.iyeecare.com/vendor/overtrue/socialite/src/Providers/WeChatProvider.php(102): Overtrue\Socialite\Providers\AbstractProvider->parseAccessToken(Array)
#1 /www/wwwroot/hd.iyeecare.com/vendor/overtrue/socialite/src/Providers/AbstractProvider.php(207): Overtrue\Socialite\Providers\WeChatProvider->getAccessToken('061XeLFa1NqBXC0...')
#2 /www/wwwroot/hd.iyeecare.com/app/frontend/modules/member/services/MemberOfficeAccountService.php(60): Overtrue\Socialite\Providers\AbstractProvider->user()
#3 /www/wwwroot/hd.iyeecare.com/app/frontend/modules/member/controllers/LoginController.php(45): app\frontend\modules\member\services\MemberOfficeAccountService->login()
#4 /www/wwwroot/hd.iyeecare.com/vendor/laravel/framework/src/Illuminate/Routing/Controller.php(54): app\frontend\modules\member\controllers\LoginController->index()
#5 /www/wwwroot/hd.iyeecare.com/app/common/components/BaseController.php(81): Illuminate\Routing\Controller->callAction('index', Array)
#6 /www/wwwroot/hd.iyeecare.com/vendor/laravel/framework/src/Illuminate/Routing/ControllerDispatcher.php(45): app\common\components\BaseController->callAction('index', Array)
#7 /www/wwwroot/hd.iyeecare.com/vendor/laravel/framework/src/Illuminate/Routing/Route.php(219): Illuminate\Routing\ControllerDispatcher->dispatch(Object(Illuminate\Routing\Route), Object(app\frontend\modules\member\controllers\LoginController), 'index')
#8 /www/wwwroot/hd.iyeecare.com/vendor/laravel/framework/src/Illuminate/Routing/Route.php(176): Illuminate\Routing\Route->runController()
#9 /www/wwwroot/hd.iyeecare.com/vendor/laravel/framework/src/Illuminate/Routing/Router.php(681): Illuminate\Routing\Route->run()
#10 /www/wwwroot/hd.iyeecare.com/vendor/laravel/framework/src/Illuminate/Pipeline/Pipeline.php(130): Illuminate\Routing\Router->Illuminate\Routing\{closure}(Object(app\framework\Http\Request))
#11 /www/wwwroot/hd.iyeecare.com/app/common/middleware/AuthenticateFrontend.php(55): Illuminate\Pipeline\Pipeline->Illuminate\Pipeline\{closure}(Object(app\framework\Http\Request))
#12 /www/wwwroot/hd.iyeecare.com/vendor/laravel/framework/src/Illuminate/Pipeline/Pipeline.php(171): app\common\middleware\AuthenticateFrontend->handle(Object(app\framework\Http\Request), Object(Closure))
#13 /www/wwwroot/hd.iyeecare.com/app/common/middleware/BasicInformation.php(46): Illuminate\Pipeline\Pipeline->Illuminate\Pipeline\{closure}(Object(app\framework\Http\Request))
#14 /www/wwwroot/hd.iyeecare.com/vendor/laravel/framework/src/Illuminate/Pipeline/Pipeline.php(171): app\common\middleware\BasicInformation->handle(Object(app\framework\Http\Request), Object(Closure))
#15 /www/wwwroot/hd.iyeecare.com/vendor/laravel/framework/src/Illuminate/Pipeline/Pipeline.php(105): Illuminate\Pipeline\Pipeline->Illuminate\Pipeline\{closure}(Object(app\framework\Http\Request))
#16 /www/wwwroot/hd.iyeecare.com/vendor/laravel/framework/src/Illuminate/Routing/Router.php(683): Illuminate\Pipeline\Pipeline->then(Object(Closure))
#17 /www/wwwroot/hd.iyeecare.com/vendor/laravel/framework/src/Illuminate/Routing/Router.php(658): Illuminate\Routing\Router->runRouteWithinStack(Object(Illuminate\Routing\Route), Object(app\framework\Http\Request))
#18 /www/wwwroot/hd.iyeecare.com/vendor/laravel/framework/src/Illuminate/Routing/Router.php(624): Illuminate\Routing\Router->runRoute(Object(app\framework\Http\Request), Object(Illuminate\Routing\Route))
#19 /www/wwwroot/hd.iyeecare.com/vendor/laravel/framework/src/Illuminate/Routing/Router.php(613): Illuminate\Routing\Router->dispatchToRoute(Object(app\framework\Http\Request))
#20 /www/wwwroot/hd.iyeecare.com/vendor/laravel/framework/src/Illuminate/Foundation/Http/Kernel.php(170): Illuminate\Routing\Router->dispatch(Object(app\framework\Http\Request))
#21 /www/wwwroot/hd.iyeecare.com/vendor/laravel/framework/src/Illuminate/Pipeline/Pipeline.php(130): Illuminate\Foundation\Http\Kernel->Illuminate\Foundation\Http\{closure}(Object(app\framework\Http\Request))
#22 /www/wwwroot/hd.iyeecare.com/plugins/browse-footprint/src/common/middleware/BrowseFootprint.php(26): Illuminate\Pipeline\Pipeline->Illuminate\Pipeline\{closure}(Object(app\framework\Http\Request))
#23 /www/wwwroot/hd.iyeecare.com/vendor/laravel/framework/src/Illuminate/Pipeline/Pipeline.php(171): Yunshop\BrowseFootprint\common\middleware\BrowseFootprint->handle(Object(app\framework\Http\Request), Object(Closure))
#24 /www/wwwroot/hd.iyeecare.com/app/common/middleware/ShopRoute.php(25): Illuminate\Pipeline\Pipeline->Illuminate\Pipeline\{closure}(Object(app\framework\Http\Request))
#25 /www/wwwroot/hd.iyeecare.com/vendor/laravel/framework/src/Illuminate/Pipeline/Pipeline.php(171): app\common\middleware\ShopRoute->handle(Object(app\framework\Http\Request), Object(Closure))
#26 /www/wwwroot/hd.iyeecare.com/vendor/laravel/framework/src/Illuminate/Foundation/Http/Middleware/CheckForMaintenanceMode.php(63): Illuminate\Pipeline\Pipeline->Illuminate\Pipeline\{closure}(Object(app\framework\Http\Request))
#27 /www/wwwroot/hd.iyeecare.com/vendor/laravel/framework/src/Illuminate/Pipeline/Pipeline.php(171): Illuminate\Foundation\Http\Middleware\CheckForMaintenanceMode->handle(Object(app\framework\Http\Request), Object(Closure))
#28 /www/wwwroot/hd.iyeecare.com/vendor/laravel/framework/src/Illuminate/Pipeline/Pipeline.php(105): Illuminate\Pipeline\Pipeline->Illuminate\Pipeline\{closure}(Object(app\framework\Http\Request))
#29 /www/wwwroot/hd.iyeecare.com/vendor/laravel/framework/src/Illuminate/Foundation/Http/Kernel.php(145): Illuminate\Pipeline\Pipeline->then(Object(Closure))
#30 /www/wwwroot/hd.iyeecare.com/vendor/laravel/framework/src/Illuminate/Foundation/Http/Kernel.php(110): Illuminate\Foundation\Http\Kernel->sendRequestThroughRouter(Object(app\framework\Http\Request))
#31 /www/wwwroot/hd.iyeecare.com/app/laravel.php(47): Illuminate\Foundation\Http\Kernel->handle(Object(app\framework\Http\Request))
#32 /www/wwwroot/hd.iyeecare.com/addons/yun_shop/api.php(20): include_once('/www/wwwroot/hd...')
#33 {main}  
[2022-04-09 15:09:33] production.ERROR: http parameters {"i":"2","route":"member.login.index","type":"1","mid":"903","scope":"","yz_redirect":"aHR0cHM6Ly9oZC5peWVlY2FyZS5jb20vYWRkb25zL3l1bl9zaG9wLz9tZW51PSMvbWVtYmVyP2k9MiZ0eXBlPTEmc2hvcF9pZCZtaWQ9OTAz","code":"021yzjGa1EO9YC04b5Ja17PEjy3yzjGO","state":"0c9a5dd01d8709b1758cfa4792b291da"} 
[2022-04-09 15:09:33] production.ERROR: Overtrue\Socialite\AuthorizeFailedException: Authorize Failed: {"errcode":40163,"errmsg":"code been used, rid: 6251312d-3d957607-3547f980"} in /www/wwwroot/hd.iyeecare.com/vendor/overtrue/socialite/src/Providers/AbstractProvider.php:473
Stack trace:
#0 /www/wwwroot/hd.iyeecare.com/vendor/overtrue/socialite/src/Providers/WeChatProvider.php(102): Overtrue\Socialite\Providers\AbstractProvider->parseAccessToken(Array)
#1 /www/wwwroot/hd.iyeecare.com/vendor/overtrue/socialite/src/Providers/AbstractProvider.php(207): Overtrue\Socialite\Providers\WeChatProvider->getAccessToken('021yzjGa1EO9YC0...')
#2 /www/wwwroot/hd.iyeecare.com/app/frontend/modules/member/services/MemberOfficeAccountService.php(60): Overtrue\Socialite\Providers\AbstractProvider->user()
#3 /www/wwwroot/hd.iyeecare.com/app/frontend/modules/member/controllers/LoginController.php(45): app\frontend\modules\member\services\MemberOfficeAccountService->login()
#4 /www/wwwroot/hd.iyeecare.com/vendor/laravel/framework/src/Illuminate/Routing/Controller.php(54): app\frontend\modules\member\controllers\LoginController->index()
#5 /www/wwwroot/hd.iyeecare.com/app/common/components/BaseController.php(81): Illuminate\Routing\Controller->callAction('index', Array)
#6 /www/wwwroot/hd.iyeecare.com/vendor/laravel/framework/src/Illuminate/Routing/ControllerDispatcher.php(45): app\common\components\BaseController->callAction('index', Array)
#7 /www/wwwroot/hd.iyeecare.com/vendor/laravel/framework/src/Illuminate/Routing/Route.php(219): Illuminate\Routing\ControllerDispatcher->dispatch(Object(Illuminate\Routing\Route), Object(app\frontend\modules\member\controllers\LoginController), 'index')
#8 /www/wwwroot/hd.iyeecare.com/vendor/laravel/framework/src/Illuminate/Routing/Route.php(176): Illuminate\Routing\Route->runController()
#9 /www/wwwroot/hd.iyeecare.com/vendor/laravel/framework/src/Illuminate/Routing/Router.php(681): Illuminate\Routing\Route->run()
#10 /www/wwwroot/hd.iyeecare.com/vendor/laravel/framework/src/Illuminate/Pipeline/Pipeline.php(130): Illuminate\Routing\Router->Illuminate\Routing\{closure}(Object(app\framework\Http\Request))
#11 /www/wwwroot/hd.iyeecare.com/app/common/middleware/AuthenticateFrontend.php(55): Illuminate\Pipeline\Pipeline->Illuminate\Pipeline\{closure}(Object(app\framework\Http\Request))
#12 /www/wwwroot/hd.iyeecare.com/vendor/laravel/framework/src/Illuminate/Pipeline/Pipeline.php(171): app\common\middleware\AuthenticateFrontend->handle(Object(app\framework\Http\Request), Object(Closure))
#13 /www/wwwroot/hd.iyeecare.com/app/common/middleware/BasicInformation.php(46): Illuminate\Pipeline\Pipeline->Illuminate\Pipeline\{closure}(Object(app\framework\Http\Request))
#14 /www/wwwroot/hd.iyeecare.com/vendor/laravel/framework/src/Illuminate/Pipeline/Pipeline.php(171): app\common\middleware\BasicInformation->handle(Object(app\framework\Http\Request), Object(Closure))
#15 /www/wwwroot/hd.iyeecare.com/vendor/laravel/framework/src/Illuminate/Pipeline/Pipeline.php(105): Illuminate\Pipeline\Pipeline->Illuminate\Pipeline\{closure}(Object(app\framework\Http\Request))
#16 /www/wwwroot/hd.iyeecare.com/vendor/laravel/framework/src/Illuminate/Routing/Router.php(683): Illuminate\Pipeline\Pipeline->then(Object(Closure))
#17 /www/wwwroot/hd.iyeecare.com/vendor/laravel/framework/src/Illuminate/Routing/Router.php(658): Illuminate\Routing\Router->runRouteWithinStack(Object(Illuminate\Routing\Route), Object(app\framework\Http\Request))
#18 /www/wwwroot/hd.iyeecare.com/vendor/laravel/framework/src/Illuminate/Routing/Router.php(624): Illuminate\Routing\Router->runRoute(Object(app\framework\Http\Request), Object(Illuminate\Routing\Route))
#19 /www/wwwroot/hd.iyeecare.com/vendor/laravel/framework/src/Illuminate/Routing/Router.php(613): Illuminate\Routing\Router->dispatchToRoute(Object(app\framework\Http\Request))
#20 /www/wwwroot/hd.iyeecare.com/vendor/laravel/framework/src/Illuminate/Foundation/Http/Kernel.php(170): Illuminate\Routing\Router->dispatch(Object(app\framework\Http\Request))
#21 /www/wwwroot/hd.iyeecare.com/vendor/laravel/framework/src/Illuminate/Pipeline/Pipeline.php(130): Illuminate\Foundation\Http\Kernel->Illuminate\Foundation\Http\{closure}(Object(app\framework\Http\Request))
#22 /www/wwwroot/hd.iyeecare.com/plugins/browse-footprint/src/common/middleware/BrowseFootprint.php(26): Illuminate\Pipeline\Pipeline->Illuminate\Pipeline\{closure}(Object(app\framework\Http\Request))
#23 /www/wwwroot/hd.iyeecare.com/vendor/laravel/framework/src/Illuminate/Pipeline/Pipeline.php(171): Yunshop\BrowseFootprint\common\middleware\BrowseFootprint->handle(Object(app\framework\Http\Request), Object(Closure))
#24 /www/wwwroot/hd.iyeecare.com/app/common/middleware/ShopRoute.php(25): Illuminate\Pipeline\Pipeline->Illuminate\Pipeline\{closure}(Object(app\framework\Http\Request))
#25 /www/wwwroot/hd.iyeecare.com/vendor/laravel/framework/src/Illuminate/Pipeline/Pipeline.php(171): app\common\middleware\ShopRoute->handle(Object(app\framework\Http\Request), Object(Closure))
#26 /www/wwwroot/hd.iyeecare.com/vendor/laravel/framework/src/Illuminate/Foundation/Http/Middleware/CheckForMaintenanceMode.php(63): Illuminate\Pipeline\Pipeline->Illuminate\Pipeline\{closure}(Object(app\framework\Http\Request))
#27 /www/wwwroot/hd.iyeecare.com/vendor/laravel/framework/src/Illuminate/Pipeline/Pipeline.php(171): Illuminate\Foundation\Http\Middleware\CheckForMaintenanceMode->handle(Object(app\framework\Http\Request), Object(Closure))
#28 /www/wwwroot/hd.iyeecare.com/vendor/laravel/framework/src/Illuminate/Pipeline/Pipeline.php(105): Illuminate\Pipeline\Pipeline->Illuminate\Pipeline\{closure}(Object(app\framework\Http\Request))
#29 /www/wwwroot/hd.iyeecare.com/vendor/laravel/framework/src/Illuminate/Foundation/Http/Kernel.php(145): Illuminate\Pipeline\Pipeline->then(Object(Closure))
#30 /www/wwwroot/hd.iyeecare.com/vendor/laravel/framework/src/Illuminate/Foundation/Http/Kernel.php(110): Illuminate\Foundation\Http\Kernel->sendRequestThroughRouter(Object(app\framework\Http\Request))
#31 /www/wwwroot/hd.iyeecare.com/app/laravel.php(47): Illuminate\Foundation\Http\Kernel->handle(Object(app\framework\Http\Request))
#32 /www/wwwroot/hd.iyeecare.com/addons/yun_shop/api.php(20): include_once('/www/wwwroot/hd...')
#33 {main}  
